# JRE version: OpenJDK Runtime Environment Zulu17.54+21-CA (17.0.13+11) (build 17.0.13+11-LTS)
# Java VM: OpenJDK 64-Bit Server VM Zulu17.54+21-CA (17.0.13+11-LTS, mixed mode, sharing, tiered, compressed oops, compressed class ptrs, g1 gc, bsd-aarch64)
Heap:
 garbage-first heap   total 65536K, used 41873K [0x00000007fc000000, 0x0000000800000000)
  region size 1024K, 27 young (27648K), 1 survivors (1024K)
 Metaspace       used 16743K, committed 17024K, reserved 1114112K
  class space    used 2084K, committed 2240K, reserved 1048576K
GC Heap History (10 events):
Event: 34.009 GC heap before
{Heap before GC invocations=0 (full 0):
 garbage-first heap   total 65536K, used 23472K [0x00000007fc000000, 0x0000000800000000)
  region size 1024K, 23 young (23552K), 0 survivors (0K)
 Metaspace       used 8615K, committed 8768K, reserved 1114112K
  class space    used 943K, committed 1024K, reserved 1048576K
}
Event: 34.017 GC heap after
{Heap after GC invocations=1 (full 0):
 garbage-first heap   total 65536K, used 4611K [0x00000007fc000000, 0x0000000800000000)
  region size 1024K, 3 young (3072K), 3 survivors (3072K)
 Metaspace       used 8615K, committed 8768K, reserved 1114112K
  class space    used 943K, committed 1024K, reserved 1048576K
}
Event: 42.894 GC heap before
{Heap before GC invocations=1 (full 0):
 garbage-first heap   total 65536K, used 33283K [0x00000007fc000000, 0x0000000800000000)
  region size 1024K, 31 young (31744K), 3 survivors (3072K)
 Metaspace       used 9378K, committed 9536K, reserved 1114112K
  class space    used 1019K, committed 1088K, reserved 1048576K
}
Event: 42.897 GC heap after
{Heap after GC invocations=2 (full 0):
 garbage-first heap   total 65536K, used 5642K [0x00000007fc000000, 0x0000000800000000)
  region size 1024K, 1 young (1024K), 1 survivors (1024K)
 Metaspace       used 9378K, committed 9536K, reserved 1114112K
  class space    used 1019K, committed 1088K, reserved 1048576K
}
Event: 43.655 GC heap before
{Heap before GC invocations=2 (full 0):
 garbage-first heap   total 65536K, used 46602K [0x00000007fc000000, 0x0000000800000000)
  region size 1024K, 38 young (38912K), 1 survivors (1024K)
 Metaspace       used 14975K, committed 15296K, reserved 1114112K
  class space    used 1885K, committed 2048K, reserved 1048576K
}
Event: 43.657 GC heap after
{Heap after GC invocations=3 (full 0):
 garbage-first heap   total 65536K, used 14583K [0x00000007fc000000, 0x0000000800000000)
  region size 1024K, 5 young (5120K), 5 survivors (5120K)
 Metaspace       used 14975K, committed 15296K, reserved 1114112K
  class space    used 1885K, committed 2048K, reserved 1048576K
}
Event: 202.544 GC heap before
{Heap before GC invocations=3 (full 0):
 garbage-first heap   total 65536K, used 43255K [0x00000007fc000000, 0x0000000800000000)
  region size 1024K, 33 young (33792K), 5 survivors (5120K)
 Metaspace       used 16738K, committed 17024K, reserved 1114112K
  class space    used 2083K, committed 2240K, reserved 1048576K
}
Event: 202.574 GC heap after
{Heap after GC invocations=4 (full 0):
 garbage-first heap   total 65536K, used 15658K [0x00000007fc000000, 0x0000000800000000)
  region size 1024K, 1 young (1024K), 1 survivors (1024K)
 Metaspace       used 16738K, committed 17024K, reserved 1114112K
  class space    used 2083K, committed 2240K, reserved 1048576K
}
Event: 259.571 GC heap before
{Heap before GC invocations=4 (full 0):
 garbage-first heap   total 65536K, used 44330K [0x00000007fc000000, 0x0000000800000000)
  region size 1024K, 29 young (29696K), 1 survivors (1024K)
 Metaspace       used 16738K, committed 17024K, reserved 1114112K
  class space    used 2083K, committed 2240K, reserved 1048576K
}
Event: 259.601 GC heap after
{Heap after GC invocations=5 (full 0):
 garbage-first heap   total 65536K, used 15616K [0x00000007fc000000, 0x0000000800000000)
  region size 1024K, 1 young (1024K), 1 survivors (1024K)
 Metaspace       used 16738K, committed 17024K, reserved 1114112K
  class space    used 2083K, committed 2240K, reserved 1048576K
}

