# JRE version: OpenJDK Runtime Environment Zulu17.54+21-CA (17.0.13+11) (build 17.0.13+11-LTS)
# Java VM: OpenJDK 64-Bit Server VM Zulu17.54+21-CA (17.0.13+11-LTS, mixed mode, sharing, tiered, compressed oops, compressed class ptrs, g1 gc, bsd-aarch64)
Heap:
 garbage-first heap   total 65536K, used 42293K [0x00000007fc000000, 0x0000000800000000)
  region size 1024K, 28 young (28672K), 1 survivors (1024K)
 Metaspace       used 16739K, committed 17024K, reserved 1114112K
  class space    used 2084K, committed 2240K, reserved 1048576K
GC Heap History (10 events):
Event: 10.656 GC heap before
{Heap before GC invocations=0 (full 0):
 garbage-first heap   total 65536K, used 23472K [0x00000007fc000000, 0x0000000800000000)
  region size 1024K, 23 young (23552K), 0 survivors (0K)
 Metaspace       used 8619K, committed 8832K, reserved 1114112K
  class space    used 943K, committed 1024K, reserved 1048576K
}
Event: 10.664 GC heap after
{Heap after GC invocations=1 (full 0):
 garbage-first heap   total 65536K, used 4643K [0x00000007fc000000, 0x0000000800000000)
  region size 1024K, 3 young (3072K), 3 survivors (3072K)
 Metaspace       used 8619K, committed 8832K, reserved 1114112K
  class space    used 943K, committed 1024K, reserved 1048576K
}
Event: 21.655 GC heap before
{Heap before GC invocations=1 (full 0):
 garbage-first heap   total 65536K, used 33315K [0x00000007fc000000, 0x0000000800000000)
  region size 1024K, 31 young (31744K), 3 survivors (3072K)
 Metaspace       used 9385K, committed 9536K, reserved 1114112K
  class space    used 1019K, committed 1088K, reserved 1048576K
}
Event: 21.657 GC heap after
{Heap after GC invocations=2 (full 0):
 garbage-first heap   total 65536K, used 5611K [0x00000007fc000000, 0x0000000800000000)
  region size 1024K, 1 young (1024K), 1 survivors (1024K)
 Metaspace       used 9385K, committed 9536K, reserved 1114112K
  class space    used 1019K, committed 1088K, reserved 1048576K
}
Event: 22.199 GC heap before
{Heap before GC invocations=2 (full 0):
 garbage-first heap   total 65536K, used 45547K [0x00000007fc000000, 0x0000000800000000)
  region size 1024K, 38 young (38912K), 1 survivors (1024K)
 Metaspace       used 14976K, committed 15232K, reserved 1114112K
  class space    used 1884K, committed 2048K, reserved 1048576K
}
Event: 22.201 GC heap after
{Heap after GC invocations=3 (full 0):
 garbage-first heap   total 65536K, used 14710K [0x00000007fc000000, 0x0000000800000000)
  region size 1024K, 5 young (5120K), 5 survivors (5120K)
 Metaspace       used 14976K, committed 15232K, reserved 1114112K
  class space    used 1884K, committed 2048K, reserved 1048576K
}
Event: 158.217 GC heap before
{Heap before GC invocations=3 (full 0):
 garbage-first heap   total 65536K, used 43382K [0x00000007fc000000, 0x0000000800000000)
  region size 1024K, 33 young (33792K), 5 survivors (5120K)
 Metaspace       used 16735K, committed 17024K, reserved 1114112K
  class space    used 2083K, committed 2240K, reserved 1048576K
}
Event: 158.229 GC heap after
{Heap after GC invocations=4 (full 0):
 garbage-first heap   total 65536K, used 15618K [0x00000007fc000000, 0x0000000800000000)
  region size 1024K, 1 young (1024K), 1 survivors (1024K)
 Metaspace       used 16735K, committed 17024K, reserved 1114112K
  class space    used 2083K, committed 2240K, reserved 1048576K
}
Event: 236.369 GC heap before
{Heap before GC invocations=4 (full 0):
 garbage-first heap   total 65536K, used 44290K [0x00000007fc000000, 0x0000000800000000)
  region size 1024K, 29 young (29696K), 1 survivors (1024K)
 Metaspace       used 16735K, committed 17024K, reserved 1114112K
  class space    used 2083K, committed 2240K, reserved 1048576K
}
Event: 236.372 GC heap after
{Heap after GC invocations=5 (full 0):
 garbage-first heap   total 65536K, used 15572K [0x00000007fc000000, 0x0000000800000000)
  region size 1024K, 1 young (1024K), 1 survivors (1024K)
 Metaspace       used 16735K, committed 17024K, reserved 1114112K
  class space    used 2083K, committed 2240K, reserved 1048576K
}

